12-09 10:44 one yuan     INFO     所有商品已入队列, 开始分析数据....
12-09 10:44 one yuan     INFO     商品冈本避孕套003超薄白金10片装 安全套--212090886期==> 中奖用户: 夺宝天天贝戋只为苹果, ip: 浙江省杭州市
12-09 10:44 one yuan     INFO     商品罗技(Logitech) 无线键鼠套装 MK240--212090779期==> 中奖用户: 中给你看, ip: 浙江省温州市
12-09 10:44 one yuan     INFO     商品海购商品 Panasonic 松下 智能马桶盖 DL-EE31JP-WM--212081829期==> 中奖用户: SUNQISONG, ip: 辽宁省大连市
12-09 10:44 one yuan     INFO     商品CK-男士Gents系列 K3M211CS 石英男表--212090304期==> 中奖用户: 依楼爱听雨, ip: 广东省东莞市
12-09 10:44 one yuan     INFO     商品网易严选 阳澄湖大闸蟹礼盒 8只装礼品券--212083329期==> 中奖用户: wl198***@163.com, ip: 安徽省合肥市
12-09 10:44 one yuan     INFO     商品海购商品 SPA SONIC 丝妮可 肌肤护理仪7件套--212090792期==> 中奖用户: 182****6087@163.com, ip: 上海市松江区
12-09 10:44 one yuan     INFO     商品飞利浦（PHILIPS） 劲锋系列电动剃须刀--212090663期==> 中奖用户: 坑爹的软件, ip: 河北省保定市
12-09 10:44 one yuan     INFO     商品欧莱雅男士劲能醒肤露--212090675期==> 中奖用户: 在不中就服毒跳楼了, ip: 山东省青岛市
12-09 10:44 one yuan     INFO     商品攀高颈椎治疗仪--212090777期==> 中奖用户: 湘之景防腐木, ip: 湖南省长沙市
12-09 10:44 one yuan     INFO     商品雅马哈 Yamaha 民谣吉他 41寸--212090830期==> 中奖用户: 还不中要死啦, ip: 内蒙古
12-09 10:44 one yuan     INFO     商品ZIPPO火机 镶宝石爱神之翼 防风打火机--212090705期==> 中奖用户: 只想中奖, ip: 浙江省金华市
12-09 10:44 one yuan     INFO     商品费列罗FERRERO ROCHER T24榛果威化巧克力钻石装 300g--212090801期==> 中奖用户: 磊哥说不用起名, ip: 北京市
12-09 10:44 one yuan     INFO     商品小米小盒子--212090977期==> 中奖用户: 磊哥说平板都是我的, ip: 河北省石家庄市
12-09 10:44 one yuan     INFO     商品Apple MacBook Pro 15.4英寸笔记本--212090844期==> 中奖用户: 再见了一元夺宝, ip: 江苏省南京市全省公用出口
12-09 10:44 one yuan     INFO     商品三只松鼠 手剥巴旦木 手剥薄壳杏仁 235g--212090922期==> 中奖用户: 今天真能中?, ip: 河北省石家庄市
12-09 10:44 one yuan     INFO     商品中国黄金 AU9999万足金50g薄片--212090924期==> 中奖用户: 磊哥真心不想再填坑了, ip: 重庆市
12-09 10:44 one yuan     INFO     商品iPhone6 4.7英寸 16G--212090788期==> 中奖用户: 小哥儿, ip: 中国
12-09 10:44 one yuan     INFO     商品Apple iPhone6s 64G 颜色随机--212090921期==> 中奖用户: TM的骗子, ip: 河南省郑州市
12-09 10:44 one yuan     INFO     商品Apple iPhone6s 16G 颜色随机--212090872期==> 中奖用户: ??, ip: 山东省济南市
12-09 10:44 one yuan     INFO     商品小米小盒子--212090960期==> 中奖用户: 是我的金条, ip: 北京市
12-09 10:44 one yuan     INFO     商品中国黄金 9999投资金元宝 100g--212090904期==> 中奖用户: 中个元宝回来吧, ip: 湖南省娄底市
12-09 10:44 one yuan     INFO     商品中国黄金 足金简洁光面宝宝黄金手镯--212090717期==> 中奖用户: 求大大大奖, ip: 上海市
12-09 10:44 one yuan     INFO     商品Apple iPhone6s 128G 颜色随机--212090939期==> 中奖用户: 我要中大大大奖, ip: 辽宁省沈阳市
12-09 10:44 one yuan     INFO     商品Apple iPhone6s Plus 128G 颜色随机--212090932期==> 中奖用户: hz8***@163.com, ip: 浙江省杭州市
12-09 10:44 one yuan     INFO     商品三只松鼠 夏威夷果 澳洲坚果特产 奶油味--212090974期==> 中奖用户: 倾家荡产了, ip: 黑龙江省哈尔滨市
12-09 10:44 one yuan     INFO     商品海购商品 2件组合装 | Nature Republic 自然乐园 芦荟水乳套装 化妆水+乳液--212090809期==> 中奖用户: 几个月帮人买东西了, ip: 中国
12-09 10:44 one yuan     INFO     商品Apple iPhone6s Plus 16G 颜色随机--212090908期==> 中奖用户: 心心, ip: 湖北省武汉市
12-09 10:44 one yuan     INFO     商品梦幻黄金情侣对戒--212090755期==> 中奖用户: 为了6s而来, ip: 中国
12-09 10:44 one yuan     INFO     商品海购商品 2件组合装 | Swisse 活力胶原蛋白液 500毫升/瓶 2瓶装--212084124期==> 中奖用户: 果果妈咪, ip: 宁夏
12-09 10:44 one yuan     INFO     商品海购商品 1箱20杯 | MARUTAI 丸太 九州高菜豚骨浓汤拉面 98克/杯--212090925期==> 中奖用户: 磊哥是谁, ip: 广东省广州市
12-09 10:44 one yuan     INFO     商品Apple iPhone6s Plus 64G 颜色随机--212090969期==> 中奖用户: @老爷们@, ip: 陕西省
12-09 10:44 one yuan     INFO     商品远点拍（Dispho）飞蝗自拍杆--212090674期==> 中奖用户: 坦荡荡, ip: 江苏省宿迁市
12-09 10:44 one yuan     INFO     商品小米小盒子--212090950期==> 中奖用户: 秒杀幽灵狗, ip: 山东省
12-09 10:44 one yuan     INFO     商品海购商品 DIESEL 迪赛 时尚商务独立日显石英手表 DZ1405--212090362期==> 中奖用户: 失真中不中都卸载, ip: 广东省广州市
12-09 10:44 one yuan     INFO     商品三只松鼠 夏威夷果 澳洲坚果特产 奶油味--212090919期==> 中奖用户: 一元真的能中??, ip: 贵州省黔西南州兴义市
12-09 10:44 one yuan     INFO     商品海购商品 Nature Made 复合维生素B族+叶酸片 460粒--212081042期==> 中奖用户: 我要中电脑, ip: 全球
12-09 10:44 one yuan     INFO     商品海购商品 欧乐Oral-B Pro 5000 电动牙刷 2支装 附蓝牙--212082807期==> 中奖用户: 亲爱的让我也中一次吧, ip: 湖南省怀化市
12-09 10:44 one yuan     INFO     商品索尼 SONY DSC-RX100 M4 黑卡数码相机 等效24-70mm F1.8-2.8蔡司镜头（WIFI/NFC)--212083786期==> 中奖用户: 磊哥一元似天堂, ip: 湖北省武汉市
12-09 10:44 one yuan     INFO     商品多彩 M618 无线垂直鼠标--212084604期==> 中奖用户: 最后两块钱磊哥, ip: 福建省福州市
12-09 10:44 one yuan     INFO     商品Apple iPhone6s Plus 64G 颜色随机--212090943期==> 中奖用户: 跪求中一次, ip: 山西省
12-09 10:44 one yuan     INFO     商品飞利浦 Philips 美式咖啡壶 滴漏式家用全自动咖啡机--212090280期==> 中奖用户: 中给你看, ip: 浙江省温州市
12-09 10:44 one yuan     INFO     商品青果摄像机--212084789期==> 中奖用户: 夺宝不得宝, ip: 广西
12-09 10:44 one yuan     INFO     商品小米小盒子--212090927期==> 中奖用户: 磊哥让我中一次吧, ip: 福建省福州市
12-09 10:44 one yuan     INFO     商品海购商品 花王妙而舒 婴儿纸尿裤 S82片--212090355期==> 中奖用户: 不讲道理一直中, ip: 福建省漳州市
12-09 10:44 one yuan     INFO     商品大话II飞剑侠打火机--212090747期==> 中奖用户: 我是幸运儿, ip: 福建省福州市
12-09 10:44 one yuan     INFO     商品网易严选 海鲜零食五味鲜拼--212090423期==> 中奖用户: 能量守恒这是在还债?, ip: 宁夏
12-09 10:44 one yuan     INFO     商品姚生记 特级原味薄皮核桃500g--212090704期==> 中奖用户: 大鱼小鱼吃虾米, ip: 江苏省南京市全省公用出口
12-09 10:44 one yuan     INFO     商品九阳 多功能料理机--212090536期==> 中奖用户: ?籹灬卜离?, ip: 福建省福州市
12-09 10:44 one yuan     INFO     商品海购商品 LiTTLE RASCALS 小淘气鬼 婴幼儿专用洗手液 250毫升--212090104期==> 中奖用户: 中给我看, ip: 上海市同济大学嘉定校区
12-09 10:44 one yuan     INFO     商品海购商品 1箱15杯 | 奥士基 OTTOGI不倒翁 香菇拉面 小杯 62克/杯--212090757期==> 中奖用户: 胡杨, ip: 河北省
12-09 10:44 one yuan     INFO     商品海购商品 1箱20杯 | MARUTAI 丸太 酱油杯面 82克/杯--212090274期==> 中奖用户: 恭喜磊哥中奖, ip: 北京市
12-09 10:44 one yuan     INFO     商品Abercrombie & Fitch FIERCE 古龙香水 1.7 盎司--212090564期==> 中奖用户: 让我中一次吧, ip: 江苏省南京市全省公用出口
12-09 10:44 one yuan     INFO     商品人头马 VSOP 特优香槟干邑白兰地礼盒 700ml--212090761期==> 中奖用户: 磊?你要我跳楼么?, ip: 中国
12-09 10:44 one yuan     INFO     商品大话2檀木手链--212090537期==> 中奖用户: 你倒是中啊。, ip: 广东省广州市
12-09 10:44 one yuan     INFO     商品香港潮牌 bduck 小黄鸭钱箱 变装存钱罐--212090309期==> 中奖用户: 亏到睡不着, ip: 中国
12-09 10:44 one yuan     INFO     商品游戏表情创意擦手巾--212090894期==> 中奖用户: 我就不信1元中不了, ip: 浙江省
12-09 10:44 one yuan     INFO     All done!
